[
    {
        "id": "e5afd51a-a651-4264-9bdc-c243f57a78b6",
        "timestamp": "2026-02-28T23:29:24.768523",
        "agent": "System",
        "model": "None",
        "action": "DEBUG",
        "details": {
            "input_prompt": "Startup",
            "output_response": "Target: sandbox"
        },
        "status": "SUCCESS"
    },
    {
        "id": "20534346-56df-414d-b08b-beda858f203d",
        "timestamp": "2026-02-28T23:29:27.918185",
        "agent": "Auditor",
        "model": "Groq",
        "action": "CODE_ANALYSIS",
        "details": {
            "input_prompt": "Analyze sandbox\\bad_syntax.py",
            "output_response": "{'issues': [{'type': 'syntax', 'description': 'Missing colon at the end of function definition', 'line': 1, 'suggested_fix': 'Add a colon at the end of the function definition'}], 'file': 'sandbox\\\\bad_syntax.py'}"
        },
        "status": "SUCCESS"
    },
    {
        "id": "b743212c-d984-4683-bf2a-affccc159a42",
        "timestamp": "2026-02-28T23:29:29.677762",
        "agent": "Tester",
        "model": "Groq",
        "action": "CODE_ANALYSIS",
        "details": {
            "input_prompt": "Generate tests for sandbox\\bad_syntax.py",
            "output_response": "sandbox\\test_bad_syntax.py"
        },
        "status": "SUCCESS"
    },
    {
        "id": "e9837c4f-3b17-4416-be83-863a6bb1db97",
        "timestamp": "2026-02-28T23:29:32.036090",
        "agent": "Fixer",
        "model": "Groq",
        "action": "FIX",
        "details": {
            "input_prompt": "Apply plan to sandbox\\bad_syntax.py",
            "output_response": "{'issues': [{'type': 'syntax', 'description': 'Missing colon at the end of function definition', 'line': 1, 'suggested_fix': 'Add a colon at the end of the function definition'}], 'file': 'sandbox\\\\bad_syntax.py'}"
        },
        "status": "SUCCESS"
    },
    {
        "id": "c96bee2d-b0b9-4629-9bfe-ff2256064bb7",
        "timestamp": "2026-02-28T23:29:33.348671",
        "agent": "Judge",
        "model": "None",
        "action": "DEBUG",
        "details": {
            "input_prompt": "Run tests on sandbox\\bad_syntax.py",
            "output_response": "============================= test session starts =============================\nplatform win32 -- Python 3.11.0, pytest-7.4.4, pluggy-1.6.0 -- C:\\Users\\ny_zi\\Desktop\\IGL\\refactoring-swarm-template\\venv\\Scripts\\python.exe\ncachedir: .pytest_cache\nrootdir: C:\\Users\\ny_zi\\Desktop\\IGL\\refactoring-swarm-template\nplugins: anyio-4.12.0\ncollecting ... collected 6 items\n\nsandbox/test_bad_syntax.py::test_calculate_sum_normal_case PASSED        [ 16%]\nsandbox/test_bad_syntax.py::test_calculate_sum_negative_numbers PASSED   [ 33%]\nsandbox/test_bad_syntax.py::test_calculate_sum_mixed_numbers PASSED      [ 50%]\nsandbox/test_bad_syntax.py::test_calculate_sum_zero PASSED               [ 66%]\nsandbox/test_bad_syntax.py::test_calculate_sum_non_numeric_input PASSED  [ 83%]\nsandbox/test_bad_syntax.py::test_calculate_sum_syntax_error FAILED       [100%]\n\n================================== FAILURES ===================================\n_______________________ test_calculate_sum_syntax_error _______________________\n\n    def test_calculate_sum_syntax_error():\n        \"\"\"\n        Test calculate_sum function for syntax error.\n        \"\"\"\n>       with pytest.raises(SyntaxError):\nE       Failed: DID NOT RAISE <class 'SyntaxError'>\n\nsandbox\\test_bad_syntax.py:39: Failed\n=========================== short test summary info ===========================\nFAILED sandbox/test_bad_syntax.py::test_calculate_sum_syntax_error - Failed: ...\n========================= 1 failed, 5 passed in 0.20s =========================\n"
        },
        "status": "FAILURE"
    },
    {
        "id": "81ad98e8-fd08-47e4-ba8f-839b5b163b33",
        "timestamp": "2026-02-28T23:29:35.794175",
        "agent": "Auditor",
        "model": "Groq",
        "action": "CODE_ANALYSIS",
        "details": {
            "input_prompt": "Analyze sandbox\\bad_syntax.py",
            "output_response": "{'issues': [], 'file': 'sandbox\\\\bad_syntax.py'}"
        },
        "status": "SUCCESS"
    },
    {
        "id": "1b77f366-79ee-44a3-bc3f-ca91e732fc18",
        "timestamp": "2026-02-28T23:29:37.707452",
        "agent": "Tester",
        "model": "Groq",
        "action": "CODE_ANALYSIS",
        "details": {
            "input_prompt": "Generate tests for sandbox\\bad_syntax.py",
            "output_response": "sandbox\\test_bad_syntax.py"
        },
        "status": "SUCCESS"
    },
    {
        "id": "fc72cc61-b74b-4d2e-af46-ccbdca8bba1c",
        "timestamp": "2026-02-28T23:29:40.298125",
        "agent": "Fixer",
        "model": "Groq",
        "action": "FIX",
        "details": {
            "input_prompt": "Apply plan to sandbox\\bad_syntax.py",
            "output_response": "{'issues': [], 'file': 'sandbox\\\\bad_syntax.py'}"
        },
        "status": "SUCCESS"
    },
    {
        "id": "9d369e55-3422-4bf3-a7f8-8fc4348a93c9",
        "timestamp": "2026-02-28T23:29:41.336721",
        "agent": "Judge",
        "model": "None",
        "action": "DEBUG",
        "details": {
            "input_prompt": "Run tests on sandbox\\bad_syntax.py",
            "output_response": "============================= test session starts =============================\nplatform win32 -- Python 3.11.0, pytest-7.4.4, pluggy-1.6.0 -- C:\\Users\\ny_zi\\Desktop\\IGL\\refactoring-swarm-template\\venv\\Scripts\\python.exe\ncachedir: .pytest_cache\nrootdir: C:\\Users\\ny_zi\\Desktop\\IGL\\refactoring-swarm-template\nplugins: anyio-4.12.0\ncollecting ... collected 7 items\n\nsandbox/test_bad_syntax.py::test_calculate_sum_normal_case PASSED        [ 14%]\nsandbox/test_bad_syntax.py::test_calculate_sum_negative_numbers PASSED   [ 28%]\nsandbox/test_bad_syntax.py::test_calculate_sum_mixed_numbers PASSED      [ 42%]\nsandbox/test_bad_syntax.py::test_calculate_sum_zero PASSED               [ 57%]\nsandbox/test_bad_syntax.py::test_calculate_sum_non_numeric_input PASSED  [ 71%]\nsandbox/test_bad_syntax.py::test_calculate_sum_single_argument PASSED    [ 85%]\nsandbox/test_bad_syntax.py::test_calculate_sum_no_arguments PASSED       [100%]\n\n============================== 7 passed in 0.04s ==============================\n"
        },
        "status": "SUCCESS"
    },
    {
        "id": "eb517cd1-8d9b-42ef-ac36-b1659c3fbfd9",
        "timestamp": "2026-02-28T23:29:43.970086",
        "agent": "Auditor",
        "model": "Groq",
        "action": "CODE_ANALYSIS",
        "details": {
            "input_prompt": "Analyze sandbox\\logic_bug.py",
            "output_response": "{'issues': [{'type': 'logic', 'description': \"Variable 'n' is incremented instead of decremented in the loop\", 'line': 3, 'suggested_fix': \"Change the operator to decrease the value of 'n' in each iteration\"}], 'file': 'sandbox\\\\logic_bug.py'}"
        },
        "status": "SUCCESS"
    },
    {
        "id": "3ec1e402-4b5a-4db5-b510-f1f6c0badd70",
        "timestamp": "2026-02-28T23:29:46.673172",
        "agent": "Tester",
        "model": "Groq",
        "action": "CODE_ANALYSIS",
        "details": {
            "input_prompt": "Generate tests for sandbox\\logic_bug.py",
            "output_response": "sandbox\\test_logic_bug.py"
        },
        "status": "SUCCESS"
    },
    {
        "id": "7e45ec48-d771-44c0-b7c3-d0f99ee36629",
        "timestamp": "2026-02-28T23:29:49.033416",
        "agent": "Fixer",
        "model": "Groq",
        "action": "FIX",
        "details": {
            "input_prompt": "Apply plan to sandbox\\logic_bug.py",
            "output_response": "{'issues': [{'type': 'logic', 'description': \"Variable 'n' is incremented instead of decremented in the loop\", 'line': 3, 'suggested_fix': \"Change the operator to decrease the value of 'n' in each iteration\"}], 'file': 'sandbox\\\\logic_bug.py'}"
        },
        "status": "SUCCESS"
    },
    {
        "id": "5ac77257-3863-476b-bf2b-818f9108fb94",
        "timestamp": "2026-02-28T23:29:50.184005",
        "agent": "Judge",
        "model": "None",
        "action": "DEBUG",
        "details": {
            "input_prompt": "Run tests on sandbox\\logic_bug.py",
            "output_response": "============================= test session starts =============================\nplatform win32 -- Python 3.11.0, pytest-7.4.4, pluggy-1.6.0 -- C:\\Users\\ny_zi\\Desktop\\IGL\\refactoring-swarm-template\\venv\\Scripts\\python.exe\ncachedir: .pytest_cache\nrootdir: C:\\Users\\ny_zi\\Desktop\\IGL\\refactoring-swarm-template\nplugins: anyio-4.12.0\ncollecting ... collected 4 items\n\nsandbox/test_logic_bug.py::test_count_down_normal_case PASSED            [ 25%]\nsandbox/test_logic_bug.py::test_count_down_edge_case_zero PASSED         [ 50%]\nsandbox/test_logic_bug.py::test_count_down_edge_case_negative PASSED     [ 75%]\nsandbox/test_logic_bug.py::test_count_down_bug PASSED                    [100%]\n\n============================== 4 passed in 0.03s ==============================\n"
        },
        "status": "SUCCESS"
    },
    {
        "id": "611f49a4-77aa-43cf-8c00-0601aeddbbd4",
        "timestamp": "2026-02-28T23:29:53.227876",
        "agent": "Auditor",
        "model": "Groq",
        "action": "CODE_ANALYSIS",
        "details": {
            "input_prompt": "Analyze sandbox\\messy_code.py",
            "output_response": "{'issues': [{'type': 'style', 'description': 'Variable x has a non-descriptive name', 'line': 1, 'suggested_fix': 'Use a more descriptive variable name'}, {'type': 'style', 'description': 'Function f has a non-descriptive name', 'line': 2, 'suggested_fix': 'Use a more descriptive function name'}, {'type': 'style', 'description': 'Function f is missing a docstring', 'line': 2, 'suggested_fix': \"Add a docstring to describe the function's purpose\"}, {'type': 'style', 'description': 'Variable z has a non-descriptive name', 'line': 2, 'suggested_fix': 'Use a more descriptive variable name'}, {'type': 'logic', 'description': 'Nested if statements can be simplified', 'line': 3, 'suggested_fix': 'Consider simplifying the conditional logic'}, {'type': 'style', 'description': 'Magic numbers are used in the code', 'line': 3, 'suggested_fix': 'Consider defining named constants for magic numbers'}], 'file': 'sandbox\\\\messy_code.py'}"
        },
        "status": "SUCCESS"
    },
    {
        "id": "a218c4ae-e2ff-4dda-8d54-bd2765b6f369",
        "timestamp": "2026-02-28T23:29:55.742617",
        "agent": "Tester",
        "model": "Groq",
        "action": "CODE_ANALYSIS",
        "details": {
            "input_prompt": "Generate tests for sandbox\\messy_code.py",
            "output_response": "sandbox\\test_messy_code.py"
        },
        "status": "SUCCESS"
    },
    {
        "id": "0306d696-96a2-4737-8562-03018c1808c9",
        "timestamp": "2026-02-28T23:29:58.429881",
        "agent": "Fixer",
        "model": "Groq",
        "action": "FIX",
        "details": {
            "input_prompt": "Apply plan to sandbox\\messy_code.py",
            "output_response": "{'issues': [{'type': 'style', 'description': 'Variable x has a non-descriptive name', 'line': 1, 'suggested_fix': 'Use a more descriptive variable name'}, {'type': 'style', 'description': 'Function f has a non-descriptive name', 'line': 2, 'suggested_fix': 'Use a more descriptive function name'}, {'type': 'style', 'description': 'Function f is missing a docstring', 'line': 2, 'suggested_fix': \"Add a docstring to describe the function's purpose\"}, {'type': 'style', 'description': 'Variable z has a non-descriptive name', 'line': 2, 'suggested_fix': 'Use a more descriptive variable name'}, {'type': 'logic', 'description': 'Nested if statements can be simplified', 'line': 3, 'suggested_fix': 'Consider simplifying the conditional logic'}, {'type': 'style', 'description': 'Magic numbers are used in the code', 'line': 3, 'suggested_fix': 'Consider defining named constants for magic numbers'}], 'file': 'sandbox\\\\messy_code.py'}"
        },
        "status": "SUCCESS"
    },
    {
        "id": "bb0636c0-d92b-42fa-90c4-52ef00e009e7",
        "timestamp": "2026-02-28T23:29:59.752596",
        "agent": "Judge",
        "model": "None",
        "action": "DEBUG",
        "details": {
            "input_prompt": "Run tests on sandbox\\messy_code.py",
            "output_response": "============================= test session starts =============================\nplatform win32 -- Python 3.11.0, pytest-7.4.4, pluggy-1.6.0 -- C:\\Users\\ny_zi\\Desktop\\IGL\\refactoring-swarm-template\\venv\\Scripts\\python.exe\ncachedir: .pytest_cache\nrootdir: C:\\Users\\ny_zi\\Desktop\\IGL\\refactoring-swarm-template\nplugins: anyio-4.12.0\ncollecting ... collected 10 items\n\nsandbox/test_messy_code.py::test_x_value FAILED                          [ 10%]\nsandbox/test_messy_code.py::test_f_normal_case FAILED                    [ 20%]\nsandbox/test_messy_code.py::test_f_edge_case_zero FAILED                 [ 30%]\nsandbox/test_messy_code.py::test_f_edge_case_100 FAILED                  [ 40%]\nsandbox/test_messy_code.py::test_f_error_case_negative FAILED            [ 50%]\nsandbox/test_messy_code.py::test_f_error_case_non_numeric FAILED         [ 60%]\nsandbox/test_messy_code.py::test_f_logic FAILED                          [ 70%]\nsandbox/test_messy_code.py::test_f_magic_numbers FAILED                  [ 80%]\nsandbox/test_messy_code.py::test_f_variable_name FAILED                  [ 90%]\nsandbox/test_messy_code.py::test_f_docstring FAILED                      [100%]\n\n================================== FAILURES ===================================\n________________________________ test_x_value _________________________________\n\n    def test_x_value():\n        \"\"\"\n        Checks if the variable x has the expected value.\n        \"\"\"\n>       assert x == 10\nE       NameError: name 'x' is not defined\n\nsandbox\\test_messy_code.py:7: NameError\n_____________________________ test_f_normal_case ______________________________\n\n    def test_f_normal_case():\n        \"\"\"\n        Checks if function f returns True for a positive value less than 100.\n        \"\"\"\n>       assert f(50) == True\nE       NameError: name 'f' is not defined\n\nsandbox\\test_messy_code.py:13: NameError\n____________________________ test_f_edge_case_zero ____________________________\n\n    def test_f_edge_case_zero():\n        \"\"\"\n        Checks if function f returns False for a value of 0.\n        \"\"\"\n>       assert f(0) == False\nE       NameError: name 'f' is not defined\n\nsandbox\\test_messy_code.py:19: NameError\n____________________________ test_f_edge_case_100 _____________________________\n\n    def test_f_edge_case_100():\n        \"\"\"\n        Checks if function f returns False for a value of 100.\n        \"\"\"\n>       assert f(100) == False\nE       NameError: name 'f' is not defined\n\nsandbox\\test_messy_code.py:25: NameError\n_________________________ test_f_error_case_negative __________________________\n\n    def test_f_error_case_negative():\n        \"\"\"\n        Checks if function f returns False for a negative value.\n        \"\"\"\n>       assert f(-50) == False\nE       NameError: name 'f' is not defined\n\nsandbox\\test_messy_code.py:31: NameError\n________________________ test_f_error_case_non_numeric ________________________\n\n    def test_f_error_case_non_numeric():\n        \"\"\"\n        Checks if function f raises a TypeError for a non-numeric input.\n        \"\"\"\n        try:\n>           f(\"a\")\nE           NameError: name 'f' is not defined\n\nsandbox\\test_messy_code.py:38: NameError\n________________________________ test_f_logic _________________________________\n\n    def test_f_logic():\n        \"\"\"\n        Checks if function f can be simplified by removing nested if statements.\n        This test will fail until the logic is simplified.\n        \"\"\"\n        # This test will fail until the logic is simplified\n>       assert f(50) == (50 > 0 and 50 < 100)\nE       NameError: name 'f' is not defined\n\nsandbox\\test_messy_code.py:49: NameError\n____________________________ test_f_magic_numbers _____________________________\n\n    def test_f_magic_numbers():\n        \"\"\"\n        Checks if function f uses magic numbers.\n        This test will fail until the magic numbers are replaced with named constants.\n        \"\"\"\n        # This test will fail until the magic numbers are replaced with named constants\n>       assert f(50) == (50 > 0 and 50 < 100), \"Magic numbers are used in the code\"\nE       NameError: name 'f' is not defined\n\nsandbox\\test_messy_code.py:57: NameError\n____________________________ test_f_variable_name _____________________________\n\n    def test_f_variable_name():\n        \"\"\"\n        Checks if function f uses a non-descriptive variable name.\n        This test will fail until the variable name is changed to a more descriptive one.\n        \"\"\"\n        # This test will fail until the variable name is changed to a more descriptive one\n        try:\n>           f.__code__.co_varnames\nE           NameError: name 'f' is not defined\n\nsandbox\\test_messy_code.py:66: NameError\n______________________________ test_f_docstring _______________________________\n\n    def test_f_docstring():\n        \"\"\"\n        Checks if function f has a docstring.\n        This test will fail until a docstring is added to the function.\n        \"\"\"\n        # This test will fail until a docstring is added to the function\n        try:\n>           f.__doc__\nE           NameError: name 'f' is not defined\n\nsandbox\\test_messy_code.py:78: NameError\n=========================== short test summary info ===========================\nFAILED sandbox/test_messy_code.py::test_x_value - NameError: name 'x' is not ...\nFAILED sandbox/test_messy_code.py::test_f_normal_case - NameError: name 'f' i...\nFAILED sandbox/test_messy_code.py::test_f_edge_case_zero - NameError: name 'f...\nFAILED sandbox/test_messy_code.py::test_f_edge_case_100 - NameError: name 'f'...\nFAILED sandbox/test_messy_code.py::test_f_error_case_negative - NameError: na...\nFAILED sandbox/test_messy_code.py::test_f_error_case_non_numeric - NameError:...\nFAILED sandbox/test_messy_code.py::test_f_logic - NameError: name 'f' is not ...\nFAILED sandbox/test_messy_code.py::test_f_magic_numbers - NameError: name 'f'...\nFAILED sandbox/test_messy_code.py::test_f_variable_name - NameError: name 'f'...\nFAILED sandbox/test_messy_code.py::test_f_docstring - NameError: name 'f' is ...\n============================= 10 failed in 0.24s ==============================\n"
        },
        "status": "FAILURE"
    },
    {
        "id": "479a2e90-bed5-465b-afde-1e6fe43b0f60",
        "timestamp": "2026-02-28T23:30:02.612321",
        "agent": "Auditor",
        "model": "Groq",
        "action": "CODE_ANALYSIS",
        "details": {
            "input_prompt": "Analyze sandbox\\messy_code.py",
            "output_response": "{'issues': [{'type': 'style', 'description': 'Magic numbers can be replaced with named constants', 'line': None, 'suggested_fix': 'Consider defining named constants for the minimum and maximum values'}, {'type': 'style', 'description': 'Function can be simplified using a conditional expression', 'line': None, 'suggested_fix': 'Consider simplifying the function using a conditional expression'}, {'type': 'style', 'description': 'Variable x_value is defined but not used', 'line': 1, 'suggested_fix': 'Consider removing unused variables'}], 'file': 'sandbox\\\\messy_code.py'}"
        },
        "status": "SUCCESS"
    },
    {
        "id": "4a8d555d-8a69-4556-aef0-e4639982eb68",
        "timestamp": "2026-02-28T23:30:04.892573",
        "agent": "Tester",
        "model": "Groq",
        "action": "CODE_ANALYSIS",
        "details": {
            "input_prompt": "Generate tests for sandbox\\messy_code.py",
            "output_response": "sandbox\\test_messy_code.py"
        },
        "status": "SUCCESS"
    },
    {
        "id": "5cdfe470-b814-474b-8c0b-aa63383a5c83",
        "timestamp": "2026-02-28T23:30:07.396563",
        "agent": "Fixer",
        "model": "Groq",
        "action": "FIX",
        "details": {
            "input_prompt": "Apply plan to sandbox\\messy_code.py",
            "output_response": "{'issues': [{'type': 'style', 'description': 'Magic numbers can be replaced with named constants', 'line': None, 'suggested_fix': 'Consider defining named constants for the minimum and maximum values'}, {'type': 'style', 'description': 'Function can be simplified using a conditional expression', 'line': None, 'suggested_fix': 'Consider simplifying the function using a conditional expression'}, {'type': 'style', 'description': 'Variable x_value is defined but not used', 'line': 1, 'suggested_fix': 'Consider removing unused variables'}], 'file': 'sandbox\\\\messy_code.py'}"
        },
        "status": "SUCCESS"
    },
    {
        "id": "7555e181-97bf-4666-8800-010cf4814bf6",
        "timestamp": "2026-02-28T23:30:08.720442",
        "agent": "Judge",
        "model": "None",
        "action": "DEBUG",
        "details": {
            "input_prompt": "Run tests on sandbox\\messy_code.py",
            "output_response": "============================= test session starts =============================\nplatform win32 -- Python 3.11.0, pytest-7.4.4, pluggy-1.6.0 -- C:\\Users\\ny_zi\\Desktop\\IGL\\refactoring-swarm-template\\venv\\Scripts\\python.exe\ncachedir: .pytest_cache\nrootdir: C:\\Users\\ny_zi\\Desktop\\IGL\\refactoring-swarm-template\nplugins: anyio-4.12.0\ncollecting ... collected 8 items\n\nsandbox/test_messy_code.py::test_is_positive_and_less_than_hundred_normal_case PASSED [ 12%]\nsandbox/test_messy_code.py::test_is_positive_and_less_than_hundred_edge_case_min PASSED [ 25%]\nsandbox/test_messy_code.py::test_is_positive_and_less_than_hundred_edge_case_max PASSED [ 37%]\nsandbox/test_messy_code.py::test_is_positive_and_less_than_hundred_error_case_negative PASSED [ 50%]\nsandbox/test_messy_code.py::test_is_positive_and_less_than_hundred_error_case_non_integer PASSED [ 62%]\nsandbox/test_messy_code.py::test_is_positive_and_less_than_hundred_error_case_none PASSED [ 75%]\nsandbox/test_messy_code.py::test_unused_variable FAILED                  [ 87%]\nsandbox/test_messy_code.py::test_magic_numbers PASSED                    [100%]\n\n================================== FAILURES ===================================\n____________________________ test_unused_variable _____________________________\n\n    def test_unused_variable():\n        \"\"\"\n        Checks if the unused variable x_value is defined.\n        This test will pass, but it's a code smell and should be removed.\n        \"\"\"\n>       assert x_value == 10\nE       NameError: name 'x_value' is not defined\n\nsandbox\\test_messy_code.py:52: NameError\n=========================== short test summary info ===========================\nFAILED sandbox/test_messy_code.py::test_unused_variable - NameError: name 'x_...\n========================= 1 failed, 7 passed in 0.18s =========================\n"
        },
        "status": "FAILURE"
    },
    {
        "id": "1e1fe650-461d-467e-9fdc-5e68b8ed7479",
        "timestamp": "2026-02-28T23:30:11.584239",
        "agent": "Auditor",
        "model": "Groq",
        "action": "CODE_ANALYSIS",
        "details": {
            "input_prompt": "Analyze sandbox\\messy_code.py",
            "output_response": "{'issues': [{'type': 'style', 'description': 'Function name does not follow conventional naming style', 'line': 3, 'suggested_fix': 'Consider renaming the function to follow PEP 8 naming conventions'}, {'type': 'style', 'description': 'Variable names MIN_VALUE and MAX_VALUE could be more descriptive', 'line': 1, 'suggested_fix': 'Consider using more descriptive names for these constants'}, {'type': 'logic', 'description': 'Function does not check if input is an integer', 'line': 5, 'suggested_fix': 'Consider adding input type validation to ensure correct function behavior'}], 'file': 'sandbox\\\\messy_code.py'}"
        },
        "status": "SUCCESS"
    },
    {
        "id": "ba21e92d-55a2-4ed3-b263-afce262b3db1",
        "timestamp": "2026-02-28T23:30:13.821684",
        "agent": "Tester",
        "model": "Groq",
        "action": "CODE_ANALYSIS",
        "details": {
            "input_prompt": "Generate tests for sandbox\\messy_code.py",
            "output_response": "sandbox\\test_messy_code.py"
        },
        "status": "SUCCESS"
    },
    {
        "id": "637b3a53-bb20-4f1c-ae87-f158287df6c0",
        "timestamp": "2026-02-28T23:30:16.470677",
        "agent": "Fixer",
        "model": "Groq",
        "action": "FIX",
        "details": {
            "input_prompt": "Apply plan to sandbox\\messy_code.py",
            "output_response": "{'issues': [{'type': 'style', 'description': 'Function name does not follow conventional naming style', 'line': 3, 'suggested_fix': 'Consider renaming the function to follow PEP 8 naming conventions'}, {'type': 'style', 'description': 'Variable names MIN_VALUE and MAX_VALUE could be more descriptive', 'line': 1, 'suggested_fix': 'Consider using more descriptive names for these constants'}, {'type': 'logic', 'description': 'Function does not check if input is an integer', 'line': 5, 'suggested_fix': 'Consider adding input type validation to ensure correct function behavior'}], 'file': 'sandbox\\\\messy_code.py'}"
        },
        "status": "SUCCESS"
    },
    {
        "id": "6b0ae106-957b-487e-badb-5a17f3559f8a",
        "timestamp": "2026-02-28T23:30:17.643955",
        "agent": "Judge",
        "model": "None",
        "action": "DEBUG",
        "details": {
            "input_prompt": "Run tests on sandbox\\messy_code.py",
            "output_response": "============================= test session starts =============================\nplatform win32 -- Python 3.11.0, pytest-7.4.4, pluggy-1.6.0 -- C:\\Users\\ny_zi\\Desktop\\IGL\\refactoring-swarm-template\\venv\\Scripts\\python.exe\ncachedir: .pytest_cache\nrootdir: C:\\Users\\ny_zi\\Desktop\\IGL\\refactoring-swarm-template\nplugins: anyio-4.12.0\ncollecting ... collected 7 items\n\nsandbox/test_messy_code.py::test_is_positive_and_less_than_hundred_normal_case PASSED [ 14%]\nsandbox/test_messy_code.py::test_is_positive_and_less_than_hundred_edge_case_min FAILED [ 28%]\nsandbox/test_messy_code.py::test_is_positive_and_less_than_hundred_edge_case_max FAILED [ 42%]\nsandbox/test_messy_code.py::test_is_positive_and_less_than_hundred_error_case_negative PASSED [ 57%]\nsandbox/test_messy_code.py::test_is_positive_and_less_than_hundred_error_case_non_integer PASSED [ 71%]\nsandbox/test_messy_code.py::test_is_positive_and_less_than_hundred_error_case_float PASSED [ 85%]\nsandbox/test_messy_code.py::test_is_positive_and_less_than_hundred_error_case_none PASSED [100%]\n\n================================== FAILURES ===================================\n____________ test_is_positive_and_less_than_hundred_edge_case_min _____________\n\n    def test_is_positive_and_less_than_hundred_edge_case_min():\n        \"\"\"\n        Checks if the function returns False for the minimum value (0).\n        \"\"\"\n>       assert is_positive_and_less_than_hundred(MIN_VALUE) is False\nE       NameError: name 'MIN_VALUE' is not defined\n\nsandbox\\test_messy_code.py:13: NameError\n____________ test_is_positive_and_less_than_hundred_edge_case_max _____________\n\n    def test_is_positive_and_less_than_hundred_edge_case_max():\n        \"\"\"\n        Checks if the function returns False for the maximum value (100).\n        \"\"\"\n>       assert is_positive_and_less_than_hundred(MAX_VALUE) is False\nE       NameError: name 'MAX_VALUE' is not defined\n\nsandbox\\test_messy_code.py:19: NameError\n=========================== short test summary info ===========================\nFAILED sandbox/test_messy_code.py::test_is_positive_and_less_than_hundred_edge_case_min\nFAILED sandbox/test_messy_code.py::test_is_positive_and_less_than_hundred_edge_case_max\n========================= 2 failed, 5 passed in 0.19s =========================\n"
        },
        "status": "FAILURE"
    },
    {
        "id": "2a9592d3-b6c0-48a5-a056-674d8de4fbf5",
        "timestamp": "2026-02-28T23:30:20.741496",
        "agent": "Auditor",
        "model": "Groq",
        "action": "CODE_ANALYSIS",
        "details": {
            "input_prompt": "Analyze sandbox\\messy_code.py",
            "output_response": "{'issues': [{'type': 'style', 'description': 'Variable names MIN_ALLOWED_VALUE and MAX_ALLOWED_VALUE could be more descriptive', 'line': None, 'suggested_fix': 'Consider using more descriptive variable names'}, {'type': 'style', 'description': 'Function name is_positive_and_less_than_hundred could be more concise', 'line': 3, 'suggested_fix': 'Consider using a more concise function name'}, {'type': 'style', 'description': 'Function does not handle non-integer inputs in a way that is consistent with its docstring', 'line': 3, 'suggested_fix': \"Consider adding input validation to match the function's docstring\"}, {'type': 'style', 'description': 'Function does not have a clear error message for non-integer inputs', 'line': 7, 'suggested_fix': 'Consider adding a more descriptive error message'}], 'file': 'sandbox\\\\messy_code.py'}"
        },
        "status": "SUCCESS"
    },
    {
        "id": "035c67e3-3bdd-41cb-b61f-66594582c5c9",
        "timestamp": "2026-02-28T23:30:23.229598",
        "agent": "Tester",
        "model": "Groq",
        "action": "CODE_ANALYSIS",
        "details": {
            "input_prompt": "Generate tests for sandbox\\messy_code.py",
            "output_response": "sandbox\\test_messy_code.py"
        },
        "status": "SUCCESS"
    },
    {
        "id": "ab5e2458-5635-4a87-b00f-c5218aff4c9c",
        "timestamp": "2026-02-28T23:30:26.199977",
        "agent": "Fixer",
        "model": "Groq",
        "action": "FIX",
        "details": {
            "input_prompt": "Apply plan to sandbox\\messy_code.py",
            "output_response": "{'issues': [{'type': 'style', 'description': 'Variable names MIN_ALLOWED_VALUE and MAX_ALLOWED_VALUE could be more descriptive', 'line': None, 'suggested_fix': 'Consider using more descriptive variable names'}, {'type': 'style', 'description': 'Function name is_positive_and_less_than_hundred could be more concise', 'line': 3, 'suggested_fix': 'Consider using a more concise function name'}, {'type': 'style', 'description': 'Function does not handle non-integer inputs in a way that is consistent with its docstring', 'line': 3, 'suggested_fix': \"Consider adding input validation to match the function's docstring\"}, {'type': 'style', 'description': 'Function does not have a clear error message for non-integer inputs', 'line': 7, 'suggested_fix': 'Consider adding a more descriptive error message'}], 'file': 'sandbox\\\\messy_code.py'}"
        },
        "status": "SUCCESS"
    },
    {
        "id": "a2b583a5-14bf-441d-80cf-f17b7d04103f",
        "timestamp": "2026-02-28T23:30:27.455349",
        "agent": "Judge",
        "model": "None",
        "action": "DEBUG",
        "details": {
            "input_prompt": "Run tests on sandbox\\messy_code.py",
            "output_response": "============================= test session starts =============================\nplatform win32 -- Python 3.11.0, pytest-7.4.4, pluggy-1.6.0 -- C:\\Users\\ny_zi\\Desktop\\IGL\\refactoring-swarm-template\\venv\\Scripts\\python.exe\ncachedir: .pytest_cache\nrootdir: C:\\Users\\ny_zi\\Desktop\\IGL\\refactoring-swarm-template\nplugins: anyio-4.12.0\ncollecting ... collected 8 items\n\nsandbox/test_messy_code.py::test_is_positive_and_less_than_hundred_normal_case FAILED [ 12%]\nsandbox/test_messy_code.py::test_is_positive_and_less_than_hundred_edge_case_min FAILED [ 25%]\nsandbox/test_messy_code.py::test_is_positive_and_less_than_hundred_edge_case_max FAILED [ 37%]\nsandbox/test_messy_code.py::test_is_positive_and_less_than_hundred_error_case_non_integer FAILED [ 50%]\nsandbox/test_messy_code.py::test_is_positive_and_less_than_hundred_error_case_negative_integer FAILED [ 62%]\nsandbox/test_messy_code.py::test_is_positive_and_less_than_hundred_error_case_float FAILED [ 75%]\nsandbox/test_messy_code.py::test_is_positive_and_less_than_hundred_error_case_complex FAILED [ 87%]\nsandbox/test_messy_code.py::test_is_positive_and_less_than_hundred_error_case_none FAILED [100%]\n\n================================== FAILURES ===================================\n_____________ test_is_positive_and_less_than_hundred_normal_case ______________\n\n    def test_is_positive_and_less_than_hundred_normal_case():\n        \"\"\"\n        Checks if the function returns True for a positive integer less than 100.\n        \"\"\"\n>       assert is_positive_and_less_than_hundred(50) == True\nE       NameError: name 'is_positive_and_less_than_hundred' is not defined\n\nsandbox\\test_messy_code.py:7: NameError\n____________ test_is_positive_and_less_than_hundred_edge_case_min _____________\n\n    def test_is_positive_and_less_than_hundred_edge_case_min():\n        \"\"\"\n        Checks if the function returns False for the minimum allowed value.\n        \"\"\"\n>       assert is_positive_and_less_than_hundred(MIN_ALLOWED_VALUE) == False\nE       NameError: name 'is_positive_and_less_than_hundred' is not defined\n\nsandbox\\test_messy_code.py:13: NameError\n____________ test_is_positive_and_less_than_hundred_edge_case_max _____________\n\n    def test_is_positive_and_less_than_hundred_edge_case_max():\n        \"\"\"\n        Checks if the function returns False for the maximum allowed value.\n        \"\"\"\n>       assert is_positive_and_less_than_hundred(MAX_ALLOWED_VALUE) == False\nE       NameError: name 'is_positive_and_less_than_hundred' is not defined\n\nsandbox\\test_messy_code.py:19: NameError\n________ test_is_positive_and_less_than_hundred_error_case_non_integer ________\n\n    def test_is_positive_and_less_than_hundred_error_case_non_integer():\n        \"\"\"\n        Checks if the function raises a TypeError for a non-integer input.\n        \"\"\"\n        try:\n>           is_positive_and_less_than_hundred(\"50\")\nE           NameError: name 'is_positive_and_less_than_hundred' is not defined\n\nsandbox\\test_messy_code.py:26: NameError\n_____ test_is_positive_and_less_than_hundred_error_case_negative_integer ______\n\n    def test_is_positive_and_less_than_hundred_error_case_negative_integer():\n        \"\"\"\n        Checks if the function returns False for a negative integer.\n        \"\"\"\n>       assert is_positive_and_less_than_hundred(-50) == False\nE       NameError: name 'is_positive_and_less_than_hundred' is not defined\n\nsandbox\\test_messy_code.py:35: NameError\n___________ test_is_positive_and_less_than_hundred_error_case_float ___________\n\n    def test_is_positive_and_less_than_hundred_error_case_float():\n        \"\"\"\n        Checks if the function raises a TypeError for a float input.\n        \"\"\"\n        try:\n>           is_positive_and_less_than_hundred(50.5)\nE           NameError: name 'is_positive_and_less_than_hundred' is not defined\n\nsandbox\\test_messy_code.py:42: NameError\n__________ test_is_positive_and_less_than_hundred_error_case_complex __________\n\n    def test_is_positive_and_less_than_hundred_error_case_complex():\n        \"\"\"\n        Checks if the function raises a TypeError for a complex input.\n        \"\"\"\n        try:\n>           is_positive_and_less_than_hundred(50 + 5j)\nE           NameError: name 'is_positive_and_less_than_hundred' is not defined\n\nsandbox\\test_messy_code.py:52: NameError\n___________ test_is_positive_and_less_than_hundred_error_case_none ____________\n\n    def test_is_positive_and_less_than_hundred_error_case_none():\n        \"\"\"\n        Checks if the function raises a TypeError for a None input.\n        \"\"\"\n        try:\n>           is_positive_and_less_than_hundred(None)\nE           NameError: name 'is_positive_and_less_than_hundred' is not defined\n\nsandbox\\test_messy_code.py:62: NameError\n=========================== short test summary info ===========================\nFAILED sandbox/test_messy_code.py::test_is_positive_and_less_than_hundred_normal_case\nFAILED sandbox/test_messy_code.py::test_is_positive_and_less_than_hundred_edge_case_min\nFAILED sandbox/test_messy_code.py::test_is_positive_and_less_than_hundred_edge_case_max\nFAILED sandbox/test_messy_code.py::test_is_positive_and_less_than_hundred_error_case_non_integer\nFAILED sandbox/test_messy_code.py::test_is_positive_and_less_than_hundred_error_case_negative_integer\nFAILED sandbox/test_messy_code.py::test_is_positive_and_less_than_hundred_error_case_float\nFAILED sandbox/test_messy_code.py::test_is_positive_and_less_than_hundred_error_case_complex\nFAILED sandbox/test_messy_code.py::test_is_positive_and_less_than_hundred_error_case_none\n============================== 8 failed in 0.25s ==============================\n"
        },
        "status": "FAILURE"
    },
    {
        "id": "a130bc4a-04f5-41a1-bf49-e741a763ebeb",
        "timestamp": "2026-02-28T23:30:30.360681",
        "agent": "Auditor",
        "model": "Groq",
        "action": "CODE_ANALYSIS",
        "details": {
            "input_prompt": "Analyze sandbox\\messy_code.py",
            "output_response": "{'issues': [{'type': 'logic', 'description': 'Function description does not match the actual check performed', 'line': 5, 'suggested_fix': 'Update the function description to reflect the actual check'}, {'type': 'style', 'description': \"Function name 'is_valid' is not descriptive\", 'line': 5, 'suggested_fix': 'Consider renaming the function to better describe its purpose'}, {'type': 'style', 'description': 'Error message does not match the function description', 'line': 9, 'suggested_fix': 'Update the error message to match the function description'}, {'type': 'style', 'description': \"Variable names 'MIN_ALLOWED' and 'MAX_ALLOWED' could be more descriptive\", 'line': 1, 'suggested_fix': 'Consider renaming the variables to better describe their purpose'}], 'file': 'sandbox\\\\messy_code.py'}"
        },
        "status": "SUCCESS"
    },
    {
        "id": "d00e3c36-b292-4c5a-9000-83eb9f1c8011",
        "timestamp": "2026-02-28T23:30:32.941790",
        "agent": "Tester",
        "model": "Groq",
        "action": "CODE_ANALYSIS",
        "details": {
            "input_prompt": "Generate tests for sandbox\\messy_code.py",
            "output_response": "sandbox\\test_messy_code.py"
        },
        "status": "SUCCESS"
    },
    {
        "id": "dfae039a-18f5-4ed8-8d0c-6bb4bff020c3",
        "timestamp": "2026-02-28T23:30:35.609187",
        "agent": "Fixer",
        "model": "Groq",
        "action": "FIX",
        "details": {
            "input_prompt": "Apply plan to sandbox\\messy_code.py",
            "output_response": "{'issues': [{'type': 'logic', 'description': 'Function description does not match the actual check performed', 'line': 5, 'suggested_fix': 'Update the function description to reflect the actual check'}, {'type': 'style', 'description': \"Function name 'is_valid' is not descriptive\", 'line': 5, 'suggested_fix': 'Consider renaming the function to better describe its purpose'}, {'type': 'style', 'description': 'Error message does not match the function description', 'line': 9, 'suggested_fix': 'Update the error message to match the function description'}, {'type': 'style', 'description': \"Variable names 'MIN_ALLOWED' and 'MAX_ALLOWED' could be more descriptive\", 'line': 1, 'suggested_fix': 'Consider renaming the variables to better describe their purpose'}], 'file': 'sandbox\\\\messy_code.py'}"
        },
        "status": "SUCCESS"
    },
    {
        "id": "f33fbdb6-3b4c-4086-9f4d-e7ece0e60a36",
        "timestamp": "2026-02-28T23:30:37.065985",
        "agent": "Judge",
        "model": "None",
        "action": "DEBUG",
        "details": {
            "input_prompt": "Run tests on sandbox\\messy_code.py",
            "output_response": "============================= test session starts =============================\nplatform win32 -- Python 3.11.0, pytest-7.4.4, pluggy-1.6.0 -- C:\\Users\\ny_zi\\Desktop\\IGL\\refactoring-swarm-template\\venv\\Scripts\\python.exe\ncachedir: .pytest_cache\nrootdir: C:\\Users\\ny_zi\\Desktop\\IGL\\refactoring-swarm-template\nplugins: anyio-4.12.0\ncollecting ... collected 10 items\n\nsandbox/test_messy_code.py::test_is_valid_normal_case FAILED             [ 10%]\nsandbox/test_messy_code.py::test_is_valid_edge_case_min FAILED           [ 20%]\nsandbox/test_messy_code.py::test_is_valid_edge_case_max FAILED           [ 30%]\nsandbox/test_messy_code.py::test_is_valid_error_case_negative FAILED     [ 40%]\nsandbox/test_messy_code.py::test_is_valid_error_case_non_integer FAILED  [ 50%]\nsandbox/test_messy_code.py::test_is_valid_error_case_non_numeric FAILED  [ 60%]\nsandbox/test_messy_code.py::test_is_valid_description_mismatch FAILED    [ 70%]\nsandbox/test_messy_code.py::test_is_valid_function_name FAILED           [ 80%]\nsandbox/test_messy_code.py::test_is_valid_error_message FAILED           [ 90%]\nsandbox/test_messy_code.py::test_is_valid_variable_names FAILED          [100%]\n\n================================== FAILURES ===================================\n__________________________ test_is_valid_normal_case __________________________\n\n    def test_is_valid_normal_case():\n        \"\"\"\n        Checks if the is_valid function returns True for a positive integer less than 100.\n        \"\"\"\n>       assert is_valid(50) is True\nE       NameError: name 'is_valid' is not defined\n\nsandbox\\test_messy_code.py:7: NameError\n_________________________ test_is_valid_edge_case_min _________________________\n\n    def test_is_valid_edge_case_min():\n        \"\"\"\n        Checks if the is_valid function returns False for the minimum allowed value (0).\n        \"\"\"\n>       assert is_valid(0) is False\nE       NameError: name 'is_valid' is not defined\n\nsandbox\\test_messy_code.py:13: NameError\n_________________________ test_is_valid_edge_case_max _________________________\n\n    def test_is_valid_edge_case_max():\n        \"\"\"\n        Checks if the is_valid function returns False for the maximum allowed value (100).\n        \"\"\"\n>       assert is_valid(100) is False\nE       NameError: name 'is_valid' is not defined\n\nsandbox\\test_messy_code.py:19: NameError\n______________________ test_is_valid_error_case_negative ______________________\n\n    def test_is_valid_error_case_negative():\n        \"\"\"\n        Checks if the is_valid function returns False for a negative integer.\n        \"\"\"\n>       assert is_valid(-1) is False\nE       NameError: name 'is_valid' is not defined\n\nsandbox\\test_messy_code.py:25: NameError\n____________________ test_is_valid_error_case_non_integer _____________________\n\n    def test_is_valid_error_case_non_integer():\n        \"\"\"\n        Checks if the is_valid function raises a TypeError for a non-integer input.\n        \"\"\"\n        try:\n>           is_valid(50.5)\nE           NameError: name 'is_valid' is not defined\n\nsandbox\\test_messy_code.py:32: NameError\n____________________ test_is_valid_error_case_non_numeric _____________________\n\n    def test_is_valid_error_case_non_numeric():\n        \"\"\"\n        Checks if the is_valid function raises a TypeError for a non-numeric input.\n        \"\"\"\n        try:\n>           is_valid(\"50\")\nE           NameError: name 'is_valid' is not defined\n\nsandbox\\test_messy_code.py:42: NameError\n_____________________ test_is_valid_description_mismatch ______________________\n\n    def test_is_valid_description_mismatch():\n        \"\"\"\n        Checks if the is_valid function description matches the actual check performed.\n        This test will fail if the function description does not match the actual check.\n        \"\"\"\n>       assert is_valid(50) is True\nE       NameError: name 'is_valid' is not defined\n\nsandbox\\test_messy_code.py:52: NameError\n_________________________ test_is_valid_function_name _________________________\n\n    def test_is_valid_function_name():\n        \"\"\"\n        Checks if the is_valid function name is descriptive.\n        This test will fail if the function name is not descriptive.\n        \"\"\"\n        try:\n>           is_valid(50)\nE           NameError: name 'is_valid' is not defined\n\nsandbox\\test_messy_code.py:65: NameError\n_________________________ test_is_valid_error_message _________________________\n\n    def test_is_valid_error_message():\n        \"\"\"\n        Checks if the is_valid function error message matches the function description.\n        This test will fail if the error message does not match the function description.\n        \"\"\"\n        try:\n>           is_valid(50.5)\nE           NameError: name 'is_valid' is not defined\n\nsandbox\\test_messy_code.py:76: NameError\n________________________ test_is_valid_variable_names _________________________\n\n    def test_is_valid_variable_names():\n        \"\"\"\n        Checks if the MIN_ALLOWED and MAX_ALLOWED variable names are descriptive.\n        This test will fail if the variable names are not descriptive.\n        \"\"\"\n        try:\n>           is_valid(50)\nE           NameError: name 'is_valid' is not defined\n\nsandbox\\test_messy_code.py:87: NameError\n=========================== short test summary info ===========================\nFAILED sandbox/test_messy_code.py::test_is_valid_normal_case - NameError: nam...\nFAILED sandbox/test_messy_code.py::test_is_valid_edge_case_min - NameError: n...\nFAILED sandbox/test_messy_code.py::test_is_valid_edge_case_max - NameError: n...\nFAILED sandbox/test_messy_code.py::test_is_valid_error_case_negative - NameEr...\nFAILED sandbox/test_messy_code.py::test_is_valid_error_case_non_integer - Nam...\nFAILED sandbox/test_messy_code.py::test_is_valid_error_case_non_numeric - Nam...\nFAILED sandbox/test_messy_code.py::test_is_valid_description_mismatch - NameE...\nFAILED sandbox/test_messy_code.py::test_is_valid_function_name - NameError: n...\nFAILED sandbox/test_messy_code.py::test_is_valid_error_message - NameError: n...\nFAILED sandbox/test_messy_code.py::test_is_valid_variable_names - NameError: ...\n============================= 10 failed in 0.30s ==============================\n"
        },
        "status": "FAILURE"
    },
    {
        "id": "ada5bbfc-a264-4d95-a63b-3039dc376a6b",
        "timestamp": "2026-02-28T23:30:39.913929",
        "agent": "Auditor",
        "model": "Groq",
        "action": "CODE_ANALYSIS",
        "details": {
            "input_prompt": "Analyze sandbox\\messy_code.py",
            "output_response": "{'issues': [{'type': 'logic', 'description': 'Function description does not match the actual range check', 'line': 5, 'suggested_fix': 'Update the function description to match the actual range check'}, {'type': 'style', 'description': 'Function does not handle non-integer inputs with a clear error message', 'line': 9, 'suggested_fix': 'Consider adding a more informative error message for non-integer inputs'}, {'type': 'style', 'description': 'Variable names MIN_VALUE and MAX_VALUE do not match the actual range check', 'line': 1, 'suggested_fix': 'Consider renaming MIN_VALUE and MAX_VALUE to better reflect the actual range check'}], 'file': 'sandbox\\\\messy_code.py'}"
        },
        "status": "SUCCESS"
    },
    {
        "id": "9cb1c5d5-7da6-4f06-b972-d3ef596c37b2",
        "timestamp": "2026-02-28T23:30:42.297889",
        "agent": "Tester",
        "model": "Groq",
        "action": "CODE_ANALYSIS",
        "details": {
            "input_prompt": "Generate tests for sandbox\\messy_code.py",
            "output_response": "sandbox\\test_messy_code.py"
        },
        "status": "SUCCESS"
    },
    {
        "id": "5cdb09eb-038a-417d-9de0-9b26ce1417f2",
        "timestamp": "2026-02-28T23:30:44.876757",
        "agent": "Fixer",
        "model": "Groq",
        "action": "FIX",
        "details": {
            "input_prompt": "Apply plan to sandbox\\messy_code.py",
            "output_response": "{'issues': [{'type': 'logic', 'description': 'Function description does not match the actual range check', 'line': 5, 'suggested_fix': 'Update the function description to match the actual range check'}, {'type': 'style', 'description': 'Function does not handle non-integer inputs with a clear error message', 'line': 9, 'suggested_fix': 'Consider adding a more informative error message for non-integer inputs'}, {'type': 'style', 'description': 'Variable names MIN_VALUE and MAX_VALUE do not match the actual range check', 'line': 1, 'suggested_fix': 'Consider renaming MIN_VALUE and MAX_VALUE to better reflect the actual range check'}], 'file': 'sandbox\\\\messy_code.py'}"
        },
        "status": "SUCCESS"
    },
    {
        "id": "18bfc538-65cc-4726-ab4c-17d0e1ad00f2",
        "timestamp": "2026-02-28T23:30:46.284231",
        "agent": "Judge",
        "model": "None",
        "action": "DEBUG",
        "details": {
            "input_prompt": "Run tests on sandbox\\messy_code.py",
            "output_response": "============================= test session starts =============================\nplatform win32 -- Python 3.11.0, pytest-7.4.4, pluggy-1.6.0 -- C:\\Users\\ny_zi\\Desktop\\IGL\\refactoring-swarm-template\\venv\\Scripts\\python.exe\ncachedir: .pytest_cache\nrootdir: C:\\Users\\ny_zi\\Desktop\\IGL\\refactoring-swarm-template\nplugins: anyio-4.12.0\ncollecting ... collected 7 items\n\nsandbox/test_messy_code.py::test_is_within_range_normal_case PASSED      [ 14%]\nsandbox/test_messy_code.py::test_is_within_range_edge_case_min FAILED    [ 28%]\nsandbox/test_messy_code.py::test_is_within_range_edge_case_max FAILED    [ 42%]\nsandbox/test_messy_code.py::test_is_within_range_error_case_non_integer FAILED [ 57%]\nsandbox/test_messy_code.py::test_is_within_range_error_case_non_numeric FAILED [ 71%]\nsandbox/test_messy_code.py::test_is_within_range_description_mismatch PASSED [ 85%]\nsandbox/test_messy_code.py::test_is_within_range_variable_name_mismatch FAILED [100%]\n\n================================== FAILURES ===================================\n_____________________ test_is_within_range_edge_case_min ______________________\n\n    def test_is_within_range_edge_case_min():\n        \"\"\"\n        Checks if the function correctly identifies the minimum value as out of range.\n        \"\"\"\n>       assert is_within_range(MIN_VALUE) == False\nE       NameError: name 'MIN_VALUE' is not defined\n\nsandbox\\test_messy_code.py:13: NameError\n_____________________ test_is_within_range_edge_case_max ______________________\n\n    def test_is_within_range_edge_case_max():\n        \"\"\"\n        Checks if the function correctly identifies the maximum value as out of range.\n        \"\"\"\n>       assert is_within_range(MAX_VALUE) == False\nE       NameError: name 'MAX_VALUE' is not defined\n\nsandbox\\test_messy_code.py:19: NameError\n_________________ test_is_within_range_error_case_non_integer _________________\n\n    def test_is_within_range_error_case_non_integer():\n        \"\"\"\n        Checks if the function correctly raises an error for non-integer inputs.\n        \"\"\"\n        try:\n>           is_within_range(50.5)\n\nsandbox\\test_messy_code.py:26: \n_ _ _ _ _ _ _ _ _ _ _ _ _ _ _ _ _ _ _ _ _ _ _ _ _ _ _ _ _ _ _ _ _ _ _ _ _ _ _ _\n\ninput_value = 50.5\n\n    def is_within_range(input_value):\n        \"\"\"\n        Checks if the input value is within the specified range (greater than MIN_EXCLUSIVE and less than MAX_EXCLUSIVE).\n    \n        Args:\n            input_value (int): The value to check.\n    \n        Returns:\n            bool: True if the input value is within the specified range, False otherwise.\n        \"\"\"\n        if not isinstance(input_value, int):\n>           raise TypeError(f\"Input must be an integer within the range ({MIN_EXCLUSIVE}, {MAX_EXCLUSIVE})\")\nE           TypeError: Input must be an integer within the range (0, 100)\n\nsandbox\\messy_code.py:15: TypeError\n\nDuring handling of the above exception, another exception occurred:\n\n    def test_is_within_range_error_case_non_integer():\n        \"\"\"\n        Checks if the function correctly raises an error for non-integer inputs.\n        \"\"\"\n        try:\n            is_within_range(50.5)\n            assert False, \"Expected TypeError for non-integer input\"\n        except TypeError as e:\n>           assert str(e) == \"Input must be an integer within the range (greater than 0 and less than 100)\"\nE           AssertionError: assert 'Input must b...ange (0, 100)' == 'Input must b...ess than 100)'\nE             - Input must be an integer within the range (greater than 0 and less than 100)\nE             ?                                            ------------- ^^^^^^^^^^^^^^\nE             + Input must be an integer within the range (0, 100)\nE             ?                                             ^\n\nsandbox\\test_messy_code.py:29: AssertionError\n_________________ test_is_within_range_error_case_non_numeric _________________\n\n    def test_is_within_range_error_case_non_numeric():\n        \"\"\"\n        Checks if the function correctly raises an error for non-numeric inputs.\n        \"\"\"\n        try:\n>           is_within_range(\"50\")\n\nsandbox\\test_messy_code.py:36: \n_ _ _ _ _ _ _ _ _ _ _ _ _ _ _ _ _ _ _ _ _ _ _ _ _ _ _ _ _ _ _ _ _ _ _ _ _ _ _ _\n\ninput_value = '50'\n\n    def is_within_range(input_value):\n        \"\"\"\n        Checks if the input value is within the specified range (greater than MIN_EXCLUSIVE and less than MAX_EXCLUSIVE).\n    \n        Args:\n            input_value (int): The value to check.\n    \n        Returns:\n            bool: True if the input value is within the specified range, False otherwise.\n        \"\"\"\n        if not isinstance(input_value, int):\n>           raise TypeError(f\"Input must be an integer within the range ({MIN_EXCLUSIVE}, {MAX_EXCLUSIVE})\")\nE           TypeError: Input must be an integer within the range (0, 100)\n\nsandbox\\messy_code.py:15: TypeError\n\nDuring handling of the above exception, another exception occurred:\n\n    def test_is_within_range_error_case_non_numeric():\n        \"\"\"\n        Checks if the function correctly raises an error for non-numeric inputs.\n        \"\"\"\n        try:\n            is_within_range(\"50\")\n            assert False, \"Expected TypeError for non-integer input\"\n        except TypeError as e:\n>           assert str(e) == \"Input must be an integer within the range (greater than 0 and less than 100)\"\nE           AssertionError: assert 'Input must b...ange (0, 100)' == 'Input must b...ess than 100)'\nE             - Input must be an integer within the range (greater than 0 and less than 100)\nE             ?                                            ------------- ^^^^^^^^^^^^^^\nE             + Input must be an integer within the range (0, 100)\nE             ?                                             ^\n\nsandbox\\test_messy_code.py:39: AssertionError\n_________________ test_is_within_range_variable_name_mismatch _________________\n\n    def test_is_within_range_variable_name_mismatch():\n        \"\"\"\n        Checks if the variable names MIN_VALUE and MAX_VALUE match the actual range check.\n        \"\"\"\n        # The variable names MIN_VALUE and MAX_VALUE do not match the actual range check (greater than 0 and less than 100)\n        # This test will fail if the variable names are updated to better reflect the actual range check\n>       assert MIN_VALUE == 0 and MAX_VALUE == 100, \"Variable names MIN_VALUE and MAX_VALUE do not match the actual range check\"\nE       NameError: name 'MIN_VALUE' is not defined\n\nsandbox\\test_messy_code.py:55: NameError\n=========================== short test summary info ===========================\nFAILED sandbox/test_messy_code.py::test_is_within_range_edge_case_min - NameE...\nFAILED sandbox/test_messy_code.py::test_is_within_range_edge_case_max - NameE...\nFAILED sandbox/test_messy_code.py::test_is_within_range_error_case_non_integer\nFAILED sandbox/test_messy_code.py::test_is_within_range_error_case_non_numeric\nFAILED sandbox/test_messy_code.py::test_is_within_range_variable_name_mismatch\n========================= 5 failed, 2 passed in 0.21s =========================\n"
        },
        "status": "FAILURE"
    },
    {
        "id": "47b7c5de-2ace-4e83-9d1a-d51bb6d85aee",
        "timestamp": "2026-02-28T23:30:49.355764",
        "agent": "Auditor",
        "model": "Groq",
        "action": "CODE_ANALYSIS",
        "details": {
            "input_prompt": "Analyze sandbox\\messy_code.py",
            "output_response": "{'issues': [{'type': 'style', 'description': \"Function name 'is_within_range' does not follow Python's naming convention for boolean functions\", 'line': 3, 'suggested_fix': \"Consider renaming the function to follow Python's naming convention\"}, {'type': 'style', 'description': \"Variable names 'MIN_EXCLUSIVE' and 'MAX_EXCLUSIVE' are not following Python's naming convention for constants\", 'line': 1, 'suggested_fix': \"Consider renaming the variables to follow Python's naming convention for constants\"}, {'type': 'logic', 'description': 'Function does not handle non-integer inputs in a way that provides useful feedback', 'line': 6, 'suggested_fix': 'Consider adding more informative error messages for non-integer inputs'}, {'type': 'style', 'description': 'Function documentation does not specify what happens when the input is not an integer', 'line': 4, 'suggested_fix': 'Consider adding documentation for non-integer input cases'}], 'file': 'sandbox\\\\messy_code.py'}"
        },
        "status": "SUCCESS"
    },
    {
        "id": "5bd52e8f-fdbe-4195-84f0-402377a69ba0",
        "timestamp": "2026-02-28T23:30:51.790535",
        "agent": "Tester",
        "model": "Groq",
        "action": "CODE_ANALYSIS",
        "details": {
            "input_prompt": "Generate tests for sandbox\\messy_code.py",
            "output_response": "sandbox\\test_messy_code.py"
        },
        "status": "SUCCESS"
    },
    {
        "id": "434271e8-16fe-48dd-91bf-bbe4db6a9857",
        "timestamp": "2026-02-28T23:30:54.476785",
        "agent": "Fixer",
        "model": "Groq",
        "action": "FIX",
        "details": {
            "input_prompt": "Apply plan to sandbox\\messy_code.py",
            "output_response": "{'issues': [{'type': 'style', 'description': \"Function name 'is_within_range' does not follow Python's naming convention for boolean functions\", 'line': 3, 'suggested_fix': \"Consider renaming the function to follow Python's naming convention\"}, {'type': 'style', 'description': \"Variable names 'MIN_EXCLUSIVE' and 'MAX_EXCLUSIVE' are not following Python's naming convention for constants\", 'line': 1, 'suggested_fix': \"Consider renaming the variables to follow Python's naming convention for constants\"}, {'type': 'logic', 'description': 'Function does not handle non-integer inputs in a way that provides useful feedback', 'line': 6, 'suggested_fix': 'Consider adding more informative error messages for non-integer inputs'}, {'type': 'style', 'description': 'Function documentation does not specify what happens when the input is not an integer', 'line': 4, 'suggested_fix': 'Consider adding documentation for non-integer input cases'}], 'file': 'sandbox\\\\messy_code.py'}"
        },
        "status": "SUCCESS"
    },
    {
        "id": "4b42dfb5-59a6-44ae-80b7-336faf3a56ef",
        "timestamp": "2026-02-28T23:30:55.837689",
        "agent": "Judge",
        "model": "None",
        "action": "DEBUG",
        "details": {
            "input_prompt": "Run tests on sandbox\\messy_code.py",
            "output_response": "============================= test session starts =============================\nplatform win32 -- Python 3.11.0, pytest-7.4.4, pluggy-1.6.0 -- C:\\Users\\ny_zi\\Desktop\\IGL\\refactoring-swarm-template\\venv\\Scripts\\python.exe\ncachedir: .pytest_cache\nrootdir: C:\\Users\\ny_zi\\Desktop\\IGL\\refactoring-swarm-template\nplugins: anyio-4.12.0\ncollecting ... collected 9 items\n\nsandbox/test_messy_code.py::test_is_within_range_normal_case FAILED      [ 11%]\nsandbox/test_messy_code.py::test_is_within_range_edge_case_min_exclusive FAILED [ 22%]\nsandbox/test_messy_code.py::test_is_within_range_edge_case_max_exclusive FAILED [ 33%]\nsandbox/test_messy_code.py::test_is_within_range_error_case_non_integer_input FAILED [ 44%]\nsandbox/test_messy_code.py::test_is_within_range_error_case_string_input FAILED [ 55%]\nsandbox/test_messy_code.py::test_is_within_range_error_case_list_input FAILED [ 66%]\nsandbox/test_messy_code.py::test_is_within_range_error_case_none_input FAILED [ 77%]\nsandbox/test_messy_code.py::test_is_within_range_style_issue_function_name FAILED [ 88%]\nsandbox/test_messy_code.py::test_is_within_range_style_issue_constant_names FAILED [100%]\n\n================================== FAILURES ===================================\n______________________ test_is_within_range_normal_case _______________________\n\n    def test_is_within_range_normal_case():\n        \"\"\"\n        Checks if the function returns True for an integer within the specified range.\n        \"\"\"\n>       assert is_within_range(50) is True\nE       NameError: name 'is_within_range' is not defined\n\nsandbox\\test_messy_code.py:7: NameError\n________________ test_is_within_range_edge_case_min_exclusive _________________\n\n    def test_is_within_range_edge_case_min_exclusive():\n        \"\"\"\n        Checks if the function returns False for the minimum exclusive value.\n        \"\"\"\n>       assert is_within_range(MIN_EXCLUSIVE) is False\nE       NameError: name 'is_within_range' is not defined\n\nsandbox\\test_messy_code.py:13: NameError\n________________ test_is_within_range_edge_case_max_exclusive _________________\n\n    def test_is_within_range_edge_case_max_exclusive():\n        \"\"\"\n        Checks if the function returns False for the maximum exclusive value.\n        \"\"\"\n>       assert is_within_range(MAX_EXCLUSIVE) is False\nE       NameError: name 'is_within_range' is not defined\n\nsandbox\\test_messy_code.py:19: NameError\n______________ test_is_within_range_error_case_non_integer_input ______________\n\n    def test_is_within_range_error_case_non_integer_input():\n        \"\"\"\n        Checks if the function raises a TypeError for a non-integer input.\n        \"\"\"\n        try:\n>           is_within_range(50.5)\nE           NameError: name 'is_within_range' is not defined\n\nsandbox\\test_messy_code.py:26: NameError\n________________ test_is_within_range_error_case_string_input _________________\n\n    def test_is_within_range_error_case_string_input():\n        \"\"\"\n        Checks if the function raises a TypeError for a string input.\n        \"\"\"\n        try:\n>           is_within_range(\"50\")\nE           NameError: name 'is_within_range' is not defined\n\nsandbox\\test_messy_code.py:36: NameError\n_________________ test_is_within_range_error_case_list_input __________________\n\n    def test_is_within_range_error_case_list_input():\n        \"\"\"\n        Checks if the function raises a TypeError for a list input.\n        \"\"\"\n        try:\n>           is_within_range([50])\nE           NameError: name 'is_within_range' is not defined\n\nsandbox\\test_messy_code.py:46: NameError\n_________________ test_is_within_range_error_case_none_input __________________\n\n    def test_is_within_range_error_case_none_input():\n        \"\"\"\n        Checks if the function raises a TypeError for a None input.\n        \"\"\"\n        try:\n>           is_within_range(None)\nE           NameError: name 'is_within_range' is not defined\n\nsandbox\\test_messy_code.py:56: NameError\n_______________ test_is_within_range_style_issue_function_name ________________\n\n    def test_is_within_range_style_issue_function_name():\n        \"\"\"\n        Checks if the function name follows Python's naming convention for boolean functions.\n        This test will fail until the function name is changed to follow the convention.\n        \"\"\"\n>       assert is_within_range.__name__ == \"is_within_range\", \"Function name does not follow Python's naming convention\"\nE       NameError: name 'is_within_range' is not defined\n\nsandbox\\test_messy_code.py:66: NameError\n_______________ test_is_within_range_style_issue_constant_names _______________\n\n    def test_is_within_range_style_issue_constant_names():\n        \"\"\"\n        Checks if the constant names follow Python's naming convention for constants.\n        This test will fail until the constant names are changed to follow the convention.\n        \"\"\"\n>       assert MIN_EXCLUSIVE == 0, \"Constant name does not follow Python's naming convention\"\nE       NameError: name 'MIN_EXCLUSIVE' is not defined\n\nsandbox\\test_messy_code.py:73: NameError\n=========================== short test summary info ===========================\nFAILED sandbox/test_messy_code.py::test_is_within_range_normal_case - NameErr...\nFAILED sandbox/test_messy_code.py::test_is_within_range_edge_case_min_exclusive\nFAILED sandbox/test_messy_code.py::test_is_within_range_edge_case_max_exclusive\nFAILED sandbox/test_messy_code.py::test_is_within_range_error_case_non_integer_input\nFAILED sandbox/test_messy_code.py::test_is_within_range_error_case_string_input\nFAILED sandbox/test_messy_code.py::test_is_within_range_error_case_list_input\nFAILED sandbox/test_messy_code.py::test_is_within_range_error_case_none_input\nFAILED sandbox/test_messy_code.py::test_is_within_range_style_issue_function_name\nFAILED sandbox/test_messy_code.py::test_is_within_range_style_issue_constant_names\n============================== 9 failed in 0.23s ==============================\n"
        },
        "status": "FAILURE"
    },
    {
        "id": "7e075271-9ebf-4a12-80dd-b2f7cc04db86",
        "timestamp": "2026-02-28T23:30:58.676709",
        "agent": "Auditor",
        "model": "Groq",
        "action": "CODE_ANALYSIS",
        "details": {
            "input_prompt": "Analyze sandbox\\messy_code.py",
            "output_response": "{'issues': [{'type': 'style', 'description': 'Function name does not follow PEP 8 naming conventions', 'line': 3, 'suggested_fix': \"Rename the function to follow PEP 8 naming conventions, such as 'is_within_range'\"}, {'type': 'style', 'description': \"Variable name 'input_value' is not descriptive\", 'line': 5, 'suggested_fix': \"Rename the variable to be more descriptive, such as 'value_to_check'\"}, {'type': 'style', 'description': 'Error message includes expected range, but does not specify that it is exclusive', 'line': 10, 'suggested_fix': 'Update the error message to specify that the range is exclusive'}], 'file': 'sandbox\\\\messy_code.py'}"
        },
        "status": "SUCCESS"
    },
    {
        "id": "f181bad0-1fec-4375-9246-a74282951818",
        "timestamp": "2026-02-28T23:31:01.546094",
        "agent": "Tester",
        "model": "Groq",
        "action": "CODE_ANALYSIS",
        "details": {
            "input_prompt": "Generate tests for sandbox\\messy_code.py",
            "output_response": "sandbox\\test_messy_code.py"
        },
        "status": "SUCCESS"
    },
    {
        "id": "271894db-5a88-4ced-9f07-4555058ae923",
        "timestamp": "2026-02-28T23:31:04.226223",
        "agent": "Fixer",
        "model": "Groq",
        "action": "FIX",
        "details": {
            "input_prompt": "Apply plan to sandbox\\messy_code.py",
            "output_response": "{'issues': [{'type': 'style', 'description': 'Function name does not follow PEP 8 naming conventions', 'line': 3, 'suggested_fix': \"Rename the function to follow PEP 8 naming conventions, such as 'is_within_range'\"}, {'type': 'style', 'description': \"Variable name 'input_value' is not descriptive\", 'line': 5, 'suggested_fix': \"Rename the variable to be more descriptive, such as 'value_to_check'\"}, {'type': 'style', 'description': 'Error message includes expected range, but does not specify that it is exclusive', 'line': 10, 'suggested_fix': 'Update the error message to specify that the range is exclusive'}], 'file': 'sandbox\\\\messy_code.py'}"
        },
        "status": "SUCCESS"
    },
    {
        "id": "b109ed28-881f-4386-b07a-2f3030c19507",
        "timestamp": "2026-02-28T23:31:05.527785",
        "agent": "Judge",
        "model": "None",
        "action": "DEBUG",
        "details": {
            "input_prompt": "Run tests on sandbox\\messy_code.py",
            "output_response": "============================= test session starts =============================\nplatform win32 -- Python 3.11.0, pytest-7.4.4, pluggy-1.6.0 -- C:\\Users\\ny_zi\\Desktop\\IGL\\refactoring-swarm-template\\venv\\Scripts\\python.exe\ncachedir: .pytest_cache\nrootdir: C:\\Users\\ny_zi\\Desktop\\IGL\\refactoring-swarm-template\nplugins: anyio-4.12.0\ncollecting ... collected 9 items\n\nsandbox/test_messy_code.py::test_is_within_range_value_normal_case FAILED [ 11%]\nsandbox/test_messy_code.py::test_is_within_range_value_edge_case_min FAILED [ 22%]\nsandbox/test_messy_code.py::test_is_within_range_value_edge_case_max FAILED [ 33%]\nsandbox/test_messy_code.py::test_is_within_range_value_error_case_non_integer FAILED [ 44%]\nsandbox/test_messy_code.py::test_is_within_range_value_error_case_non_numeric FAILED [ 55%]\nsandbox/test_messy_code.py::test_is_within_range_value_error_case_none FAILED [ 66%]\nsandbox/test_messy_code.py::test_is_within_range_value_style_issue_function_name PASSED [ 77%]\nsandbox/test_messy_code.py::test_is_within_range_value_style_issue_variable_name FAILED [ 88%]\nsandbox/test_messy_code.py::test_is_within_range_value_style_issue_error_message FAILED [100%]\n\n================================== FAILURES ===================================\n___________________ test_is_within_range_value_normal_case ____________________\n\n    def test_is_within_range_value_normal_case():\n        \"\"\"\n        Checks if the function returns True for a value within the specified range.\n        \"\"\"\n>       assert is_within_range_value(50) is True\nE       NameError: name 'is_within_range_value' is not defined\n\nsandbox\\test_messy_code.py:7: NameError\n__________________ test_is_within_range_value_edge_case_min ___________________\n\n    def test_is_within_range_value_edge_case_min():\n        \"\"\"\n        Checks if the function returns False for the minimum exclusive value.\n        \"\"\"\n>       assert is_within_range_value(MIN_EXCLUSIVE_VALUE) is False\nE       NameError: name 'is_within_range_value' is not defined\n\nsandbox\\test_messy_code.py:13: NameError\n__________________ test_is_within_range_value_edge_case_max ___________________\n\n    def test_is_within_range_value_edge_case_max():\n        \"\"\"\n        Checks if the function returns False for the maximum exclusive value.\n        \"\"\"\n>       assert is_within_range_value(MAX_EXCLUSIVE_VALUE) is False\nE       NameError: name 'is_within_range_value' is not defined\n\nsandbox\\test_messy_code.py:19: NameError\n______________ test_is_within_range_value_error_case_non_integer ______________\n\n    def test_is_within_range_value_error_case_non_integer():\n        \"\"\"\n        Checks if the function raises a TypeError for a non-integer input.\n        \"\"\"\n        try:\n>           is_within_range_value(50.5)\nE           NameError: name 'is_within_range_value' is not defined\n\nsandbox\\test_messy_code.py:26: NameError\n______________ test_is_within_range_value_error_case_non_numeric ______________\n\n    def test_is_within_range_value_error_case_non_numeric():\n        \"\"\"\n        Checks if the function raises a TypeError for a non-numeric input.\n        \"\"\"\n        try:\n>           is_within_range_value(\"50\")\nE           NameError: name 'is_within_range_value' is not defined\n\nsandbox\\test_messy_code.py:36: NameError\n_________________ test_is_within_range_value_error_case_none __________________\n\n    def test_is_within_range_value_error_case_none():\n        \"\"\"\n        Checks if the function raises a TypeError for a None input.\n        \"\"\"\n        try:\n>           is_within_range_value(None)\nE           NameError: name 'is_within_range_value' is not defined\n\nsandbox\\test_messy_code.py:46: NameError\n____________ test_is_within_range_value_style_issue_variable_name _____________\n\n    def test_is_within_range_value_style_issue_variable_name():\n        \"\"\"\n        Checks if the variable name 'input_value' is descriptive.\n        This test will fail until the variable is renamed to be more descriptive.\n        \"\"\"\n        try:\n            from inspect import getsource\n>           source = getsource(is_within_range_value)\nE           NameError: name 'is_within_range_value' is not defined\n\nsandbox\\test_messy_code.py:69: NameError\n____________ test_is_within_range_value_style_issue_error_message _____________\n\n    def test_is_within_range_value_style_issue_error_message():\n        \"\"\"\n        Checks if the error message includes the expected range and specifies that it is exclusive.\n        This test will fail until the error message is updated to specify that the range is exclusive.\n        \"\"\"\n        try:\n>           is_within_range_value(50.5)\nE           NameError: name 'is_within_range_value' is not defined\n\nsandbox\\test_messy_code.py:80: NameError\n=========================== short test summary info ===========================\nFAILED sandbox/test_messy_code.py::test_is_within_range_value_normal_case - N...\nFAILED sandbox/test_messy_code.py::test_is_within_range_value_edge_case_min\nFAILED sandbox/test_messy_code.py::test_is_within_range_value_edge_case_max\nFAILED sandbox/test_messy_code.py::test_is_within_range_value_error_case_non_integer\nFAILED sandbox/test_messy_code.py::test_is_within_range_value_error_case_non_numeric\nFAILED sandbox/test_messy_code.py::test_is_within_range_value_error_case_none\nFAILED sandbox/test_messy_code.py::test_is_within_range_value_style_issue_variable_name\nFAILED sandbox/test_messy_code.py::test_is_within_range_value_style_issue_error_message\n========================= 8 failed, 1 passed in 0.23s =========================\n"
        },
        "status": "FAILURE"
    },
    {
        "id": "c2def717-1241-49a5-8fb4-682182e67cc4",
        "timestamp": "2026-02-28T23:31:08.518076",
        "agent": "Auditor",
        "model": "Groq",
        "action": "CODE_ANALYSIS",
        "details": {
            "input_prompt": "Analyze sandbox\\messy_code.py",
            "output_response": "{'issues': [{'type': 'style', 'description': \"Function name does not follow Python's conventional naming style\", 'line': 3, 'suggested_fix': \"Rename the function to follow Python's conventional naming style, such as 'is_within_range_value'\"}, {'type': 'style', 'description': \"Variable name 'MIN_EXCLUSIVE_VALUE' and 'MAX_EXCLUSIVE_VALUE' are not following Python's conventional naming style for constants\", 'line': 1, 'suggested_fix': \"Rename the constants to follow Python's conventional naming style, such as 'MIN_EXCLUSIVE_VALUE' to 'MIN_EXCLUSIVE'\"}, {'type': 'logic', 'description': 'The error message in the TypeError includes the expected range, but the range is exclusive and the error message does not clearly indicate this', 'line': 9, 'suggested_fix': 'Update the error message to clearly indicate that the range is exclusive'}], 'file': 'sandbox\\\\messy_code.py'}"
        },
        "status": "SUCCESS"
    },
    {
        "id": "dda0d94d-94ce-4364-9897-a109515b5756",
        "timestamp": "2026-02-28T23:31:11.027980",
        "agent": "Tester",
        "model": "Groq",
        "action": "CODE_ANALYSIS",
        "details": {
            "input_prompt": "Generate tests for sandbox\\messy_code.py",
            "output_response": "sandbox\\test_messy_code.py"
        },
        "status": "SUCCESS"
    },
    {
        "id": "cd182f8e-cdcc-4779-b9fb-a1472f0d9e79",
        "timestamp": "2026-02-28T23:31:13.752828",
        "agent": "Fixer",
        "model": "Groq",
        "action": "FIX",
        "details": {
            "input_prompt": "Apply plan to sandbox\\messy_code.py",
            "output_response": "{'issues': [{'type': 'style', 'description': \"Function name does not follow Python's conventional naming style\", 'line': 3, 'suggested_fix': \"Rename the function to follow Python's conventional naming style, such as 'is_within_range_value'\"}, {'type': 'style', 'description': \"Variable name 'MIN_EXCLUSIVE_VALUE' and 'MAX_EXCLUSIVE_VALUE' are not following Python's conventional naming style for constants\", 'line': 1, 'suggested_fix': \"Rename the constants to follow Python's conventional naming style, such as 'MIN_EXCLUSIVE_VALUE' to 'MIN_EXCLUSIVE'\"}, {'type': 'logic', 'description': 'The error message in the TypeError includes the expected range, but the range is exclusive and the error message does not clearly indicate this', 'line': 9, 'suggested_fix': 'Update the error message to clearly indicate that the range is exclusive'}], 'file': 'sandbox\\\\messy_code.py'}"
        },
        "status": "SUCCESS"
    },
    {
        "id": "ad25aad9-95cf-45bb-a35c-32dfef55930a",
        "timestamp": "2026-02-28T23:31:14.967545",
        "agent": "Judge",
        "model": "None",
        "action": "DEBUG",
        "details": {
            "input_prompt": "Run tests on sandbox\\messy_code.py",
            "output_response": "============================= test session starts =============================\nplatform win32 -- Python 3.11.0, pytest-7.4.4, pluggy-1.6.0 -- C:\\Users\\ny_zi\\Desktop\\IGL\\refactoring-swarm-template\\venv\\Scripts\\python.exe\ncachedir: .pytest_cache\nrootdir: C:\\Users\\ny_zi\\Desktop\\IGL\\refactoring-swarm-template\nplugins: anyio-4.12.0\ncollecting ... collected 8 items\n\nsandbox/test_messy_code.py::test_is_within_range_normal_case FAILED      [ 12%]\nsandbox/test_messy_code.py::test_is_within_range_edge_case_min FAILED    [ 25%]\nsandbox/test_messy_code.py::test_is_within_range_edge_case_max FAILED    [ 37%]\nsandbox/test_messy_code.py::test_is_within_range_error_case_non_integer FAILED [ 50%]\nsandbox/test_messy_code.py::test_is_within_range_error_case_non_numeric FAILED [ 62%]\nsandbox/test_messy_code.py::test_is_within_range_error_case_range_description FAILED [ 75%]\nsandbox/test_messy_code.py::test_is_within_range_style_issue_function_name FAILED [ 87%]\nsandbox/test_messy_code.py::test_is_within_range_style_issue_constant_names FAILED [100%]\n\n================================== FAILURES ===================================\n______________________ test_is_within_range_normal_case _______________________\n\n    def test_is_within_range_normal_case():\n        \"\"\"\n        Checks if the function returns True for a value within the specified range.\n        \"\"\"\n>       assert is_within_range(50) is True\nE       NameError: name 'is_within_range' is not defined\n\nsandbox\\test_messy_code.py:7: NameError\n_____________________ test_is_within_range_edge_case_min ______________________\n\n    def test_is_within_range_edge_case_min():\n        \"\"\"\n        Checks if the function returns False for the minimum exclusive value.\n        \"\"\"\n>       assert is_within_range(MIN_EXCLUSIVE_VALUE) is False\nE       NameError: name 'is_within_range' is not defined\n\nsandbox\\test_messy_code.py:13: NameError\n_____________________ test_is_within_range_edge_case_max ______________________\n\n    def test_is_within_range_edge_case_max():\n        \"\"\"\n        Checks if the function returns False for the maximum exclusive value.\n        \"\"\"\n>       assert is_within_range(MAX_EXCLUSIVE_VALUE) is False\nE       NameError: name 'is_within_range' is not defined\n\nsandbox\\test_messy_code.py:19: NameError\n_________________ test_is_within_range_error_case_non_integer _________________\n\n    def test_is_within_range_error_case_non_integer():\n        \"\"\"\n        Checks if the function raises a TypeError for a non-integer input.\n        \"\"\"\n        try:\n>           is_within_range(50.5)\nE           NameError: name 'is_within_range' is not defined\n\nsandbox\\test_messy_code.py:26: NameError\n_________________ test_is_within_range_error_case_non_numeric _________________\n\n    def test_is_within_range_error_case_non_numeric():\n        \"\"\"\n        Checks if the function raises a TypeError for a non-numeric input.\n        \"\"\"\n        try:\n>           is_within_range(\"50\")\nE           NameError: name 'is_within_range' is not defined\n\nsandbox\\test_messy_code.py:36: NameError\n______________ test_is_within_range_error_case_range_description ______________\n\n    def test_is_within_range_error_case_range_description():\n        \"\"\"\n        Checks if the error message clearly indicates that the range is exclusive.\n        \"\"\"\n        try:\n>           is_within_range(50.5)\nE           NameError: name 'is_within_range' is not defined\n\nsandbox\\test_messy_code.py:46: NameError\n_______________ test_is_within_range_style_issue_function_name ________________\n\n    def test_is_within_range_style_issue_function_name():\n        \"\"\"\n        Checks if the function name follows Python's conventional naming style.\n        \"\"\"\n        # This test will fail until the function name is refactored to follow Python's conventional naming style\n>       assert is_within_range.__name__ == \"is_within_range_value\", \"Function name should follow Python's conventional naming style\"\nE       NameError: name 'is_within_range' is not defined\n\nsandbox\\test_messy_code.py:56: NameError\n_______________ test_is_within_range_style_issue_constant_names _______________\n\n    def test_is_within_range_style_issue_constant_names():\n        \"\"\"\n        Checks if the constant names follow Python's conventional naming style.\n        \"\"\"\n        # These tests will fail until the constant names are refactored to follow Python's conventional naming style\n>       assert MIN_EXCLUSIVE_VALUE is not None, \"MIN_EXCLUSIVE_VALUE should be defined\"\nE       NameError: name 'MIN_EXCLUSIVE_VALUE' is not defined\n\nsandbox\\test_messy_code.py:63: NameError\n=========================== short test summary info ===========================\nFAILED sandbox/test_messy_code.py::test_is_within_range_normal_case - NameErr...\nFAILED sandbox/test_messy_code.py::test_is_within_range_edge_case_min - NameE...\nFAILED sandbox/test_messy_code.py::test_is_within_range_edge_case_max - NameE...\nFAILED sandbox/test_messy_code.py::test_is_within_range_error_case_non_integer\nFAILED sandbox/test_messy_code.py::test_is_within_range_error_case_non_numeric\nFAILED sandbox/test_messy_code.py::test_is_within_range_error_case_range_description\nFAILED sandbox/test_messy_code.py::test_is_within_range_style_issue_function_name\nFAILED sandbox/test_messy_code.py::test_is_within_range_style_issue_constant_names\n============================== 8 failed in 0.23s ==============================\n"
        },
        "status": "FAILURE"
    },
    {
        "id": "c7919c88-730e-4399-9866-877c4a20e45d",
        "timestamp": "2026-02-28T23:31:17.973072",
        "agent": "Auditor",
        "model": "Groq",
        "action": "CODE_ANALYSIS",
        "details": {
            "input_prompt": "Analyze sandbox\\messy_code.py",
            "output_response": "{'issues': [{'type': 'style', 'description': 'Function name does not follow Python naming conventions', 'line': 3, 'suggested_fix': \"Rename the function to follow Python's PEP 8 naming conventions\"}, {'type': 'style', 'description': 'Variable names are not following Python naming conventions', 'line': 1, 'suggested_fix': \"Rename the variables to follow Python's PEP 8 naming conventions\"}, {'type': 'style', 'description': 'Docstring does not follow Python documentation conventions', 'line': 5, 'suggested_fix': \"Update the docstring to follow Python's Google style guide\"}, {'type': 'logic', 'description': 'Error message includes the actual value which could be a security risk', 'line': 10, 'suggested_fix': 'Remove the actual value from the error message to prevent potential security risks'}], 'file': 'sandbox\\\\messy_code.py'}"
        },
        "status": "SUCCESS"
    },
    {
        "id": "3e6563ae-51ed-43ea-b074-6675f12870a9",
        "timestamp": "2026-02-28T23:31:20.719109",
        "agent": "Tester",
        "model": "Groq",
        "action": "CODE_ANALYSIS",
        "details": {
            "input_prompt": "Generate tests for sandbox\\messy_code.py",
            "output_response": "sandbox\\test_messy_code.py"
        },
        "status": "SUCCESS"
    },
    {
        "id": "f7953d67-07f5-41bb-a79d-e4db1f44fb6b",
        "timestamp": "2026-02-28T23:31:23.369108",
        "agent": "Fixer",
        "model": "Groq",
        "action": "FIX",
        "details": {
            "input_prompt": "Apply plan to sandbox\\messy_code.py",
            "output_response": "{'issues': [{'type': 'style', 'description': 'Function name does not follow Python naming conventions', 'line': 3, 'suggested_fix': \"Rename the function to follow Python's PEP 8 naming conventions\"}, {'type': 'style', 'description': 'Variable names are not following Python naming conventions', 'line': 1, 'suggested_fix': \"Rename the variables to follow Python's PEP 8 naming conventions\"}, {'type': 'style', 'description': 'Docstring does not follow Python documentation conventions', 'line': 5, 'suggested_fix': \"Update the docstring to follow Python's Google style guide\"}, {'type': 'logic', 'description': 'Error message includes the actual value which could be a security risk', 'line': 10, 'suggested_fix': 'Remove the actual value from the error message to prevent potential security risks'}], 'file': 'sandbox\\\\messy_code.py'}"
        },
        "status": "SUCCESS"
    },
    {
        "id": "241f0694-de66-484e-bc19-4920e9f6648c",
        "timestamp": "2026-02-28T23:31:24.613286",
        "agent": "Judge",
        "model": "None",
        "action": "DEBUG",
        "details": {
            "input_prompt": "Run tests on sandbox\\messy_code.py",
            "output_response": "============================= test session starts =============================\nplatform win32 -- Python 3.11.0, pytest-7.4.4, pluggy-1.6.0 -- C:\\Users\\ny_zi\\Desktop\\IGL\\refactoring-swarm-template\\venv\\Scripts\\python.exe\ncachedir: .pytest_cache\nrootdir: C:\\Users\\ny_zi\\Desktop\\IGL\\refactoring-swarm-template\nplugins: anyio-4.12.0\ncollecting ... collected 9 items\n\nsandbox/test_messy_code.py::test_is_within_range_value_normal_case FAILED [ 11%]\nsandbox/test_messy_code.py::test_is_within_range_value_edge_case_min_exclusive FAILED [ 22%]\nsandbox/test_messy_code.py::test_is_within_range_value_edge_case_max_exclusive FAILED [ 33%]\nsandbox/test_messy_code.py::test_is_within_range_value_error_case_non_integer FAILED [ 44%]\nsandbox/test_messy_code.py::test_is_within_range_value_error_case_float FAILED [ 55%]\nsandbox/test_messy_code.py::test_is_within_range_value_error_case_security_risk FAILED [ 66%]\nsandbox/test_messy_code.py::test_is_within_range_value_docstring FAILED  [ 77%]\nsandbox/test_messy_code.py::test_is_within_range_value_function_name FAILED [ 88%]\nsandbox/test_messy_code.py::test_is_within_range_value_variable_names FAILED [100%]\n\n================================== FAILURES ===================================\n___________________ test_is_within_range_value_normal_case ____________________\n\n    def test_is_within_range_value_normal_case():\n        \"\"\"\n        Checks if the function returns True for a value within the specified range.\n        \"\"\"\n>       assert is_within_range_value(50) == True\nE       NameError: name 'is_within_range_value' is not defined\n\nsandbox\\test_messy_code.py:7: NameError\n_____________ test_is_within_range_value_edge_case_min_exclusive ______________\n\n    def test_is_within_range_value_edge_case_min_exclusive():\n        \"\"\"\n        Checks if the function returns False for the minimum exclusive value.\n        \"\"\"\n>       assert is_within_range_value(MIN_EXCLUSIVE) == False\nE       NameError: name 'is_within_range_value' is not defined\n\nsandbox\\test_messy_code.py:13: NameError\n_____________ test_is_within_range_value_edge_case_max_exclusive ______________\n\n    def test_is_within_range_value_edge_case_max_exclusive():\n        \"\"\"\n        Checks if the function returns False for the maximum exclusive value.\n        \"\"\"\n>       assert is_within_range_value(MAX_EXCLUSIVE) == False\nE       NameError: name 'is_within_range_value' is not defined\n\nsandbox\\test_messy_code.py:19: NameError\n______________ test_is_within_range_value_error_case_non_integer ______________\n\n    def test_is_within_range_value_error_case_non_integer():\n        \"\"\"\n        Checks if the function raises a TypeError for a non-integer input.\n        \"\"\"\n        try:\n>           is_within_range_value(\"50\")\nE           NameError: name 'is_within_range_value' is not defined\n\nsandbox\\test_messy_code.py:26: NameError\n_________________ test_is_within_range_value_error_case_float _________________\n\n    def test_is_within_range_value_error_case_float():\n        \"\"\"\n        Checks if the function raises a TypeError for a float input.\n        \"\"\"\n        try:\n>           is_within_range_value(50.5)\nE           NameError: name 'is_within_range_value' is not defined\n\nsandbox\\test_messy_code.py:36: NameError\n_____________ test_is_within_range_value_error_case_security_risk _____________\n\n    def test_is_within_range_value_error_case_security_risk():\n        \"\"\"\n        Checks if the function's error message includes the actual value, which could be a security risk.\n        \"\"\"\n        try:\n>           is_within_range_value(\"50\")\nE           NameError: name 'is_within_range_value' is not defined\n\nsandbox\\test_messy_code.py:46: NameError\n____________________ test_is_within_range_value_docstring _____________________\n\n    def test_is_within_range_value_docstring():\n        \"\"\"\n        Checks if the function's docstring follows Python documentation conventions.\n        \"\"\"\n        import inspect\n>       docstring = inspect.getdoc(is_within_range_value)\nE       NameError: name 'is_within_range_value' is not defined\n\nsandbox\\test_messy_code.py:56: NameError\n__________________ test_is_within_range_value_function_name ___________________\n\n    def test_is_within_range_value_function_name():\n        \"\"\"\n        Checks if the function name follows Python naming conventions.\n        \"\"\"\n        import re\n>       assert re.match(\"^[a-z_][a-z0-9_]*$\", is_within_range_value.__name__), \"Function name does not follow Python naming conventions\"\nE       NameError: name 'is_within_range_value' is not defined\n\nsandbox\\test_messy_code.py:67: NameError\n__________________ test_is_within_range_value_variable_names __________________\n\n    def test_is_within_range_value_variable_names():\n        \"\"\"\n        Checks if the variable names follow Python naming conventions.\n        \"\"\"\n        import inspect\n>       source_code = inspect.getsource(is_within_range_value)\nE       NameError: name 'is_within_range_value' is not defined\n\nsandbox\\test_messy_code.py:74: NameError\n=========================== short test summary info ===========================\nFAILED sandbox/test_messy_code.py::test_is_within_range_value_normal_case - N...\nFAILED sandbox/test_messy_code.py::test_is_within_range_value_edge_case_min_exclusive\nFAILED sandbox/test_messy_code.py::test_is_within_range_value_edge_case_max_exclusive\nFAILED sandbox/test_messy_code.py::test_is_within_range_value_error_case_non_integer\nFAILED sandbox/test_messy_code.py::test_is_within_range_value_error_case_float\nFAILED sandbox/test_messy_code.py::test_is_within_range_value_error_case_security_risk\nFAILED sandbox/test_messy_code.py::test_is_within_range_value_docstring - Nam...\nFAILED sandbox/test_messy_code.py::test_is_within_range_value_function_name\nFAILED sandbox/test_messy_code.py::test_is_within_range_value_variable_names\n============================== 9 failed in 0.24s ==============================\n"
        },
        "status": "FAILURE"
    }
]